[INFO] Scanning for projects...
[INFO]                                                                         
[INFO] ------------------------------------------------------------------------
[INFO] Building spring-boot-sample-profile 0.5.0.BUILD-SNAPSHOT
[INFO] ------------------------------------------------------------------------
Downloading: file:///home/dsyer/.m2/repository/org/yaml/snakeyaml/1.12/snakeyaml-1.12.pom
Downloaded: file:///home/dsyer/.m2/repository/org/yaml/snakeyaml/1.12/snakeyaml-1.12.pom (22 KB at 416.2 KB/sec)
Downloading: file:///home/dsyer/.m2/repository/org/yaml/snakeyaml/1.12/snakeyaml-1.12.jar
Downloaded: file:///home/dsyer/.m2/repository/org/yaml/snakeyaml/1.12/snakeyaml-1.12.jar (265 KB at 2319.6 KB/sec)
[INFO] 
[INFO] --- maven-resources-plugin:2.6:resources (default-resources) @ spring-boot-sample-profile ---
[INFO] Using 'UTF-8' encoding to copy filtered resources.
[INFO] Copying 1 resource
[INFO] 
[INFO] --- maven-compiler-plugin:3.1:compile (default-compile) @ spring-boot-sample-profile ---
[INFO] Changes detected - recompiling the module!
[INFO] Compiling 4 source files to /home/dsyer/dev/bootstrap/boot/spring-boot-samples/spring-boot-sample-profile/target/classes
[INFO] 
[INFO] --- maven-resources-plugin:2.6:testResources (default-testResources) @ spring-boot-sample-profile ---
[INFO] Using 'UTF-8' encoding to copy filtered resources.
[INFO] skip non existing resourceDirectory /home/dsyer/dev/bootstrap/boot/spring-boot-samples/spring-boot-sample-profile/src/test/resources
[INFO] 
[INFO] --- maven-compiler-plugin:3.1:testCompile (default-testCompile) @ spring-boot-sample-profile ---
[INFO] Changes detected - recompiling the module!
[INFO] Compiling 1 source file to /home/dsyer/dev/bootstrap/boot/spring-boot-samples/spring-boot-sample-profile/target/test-classes
[INFO] 
[INFO] --- maven-surefire-plugin:2.15:test (default-test) @ spring-boot-sample-profile ---
[INFO] Surefire report directory: /home/dsyer/dev/bootstrap/boot/spring-boot-samples/spring-boot-sample-profile/target/surefire-reports

-------------------------------------------------------
 T E S T S
-------------------------------------------------------
Running org.springframework.boot.sample.profile.SampleProfileApplicationTests
Tests run: 3, Failures: 0, Errors: 0, Skipped: 0, Time elapsed: 1.115 sec - in org.springframework.boot.sample.profile.SampleProfileApplicationTests
2013-08-02 11:36:40.165  INFO 24883 --- [       Thread-1] s.c.a.AnnotationConfigApplicationContext : Closing org.springframework.context.annotation.AnnotationConfigApplicationContext@a383118: startup date [Fri Aug 02 11:36:39 BST 2013]; root of context hierarchy
2013-08-02 11:36:40.166  INFO 24883 --- [       Thread-1] o.s.b.f.s.DefaultListableBeanFactory     : Destroying singletons in org.springframework.beans.factory.support.DefaultListableBeanFactory@d5d4de6: defining beans [org.springframework.context.annotation.internalConfigurationAnnotationProcessor,org.springframework.context.annotation.internalAutowiredAnnotationProcessor,org.springframework.context.annotation.internalRequiredAnnotationProcessor,org.springframework.context.annotation.internalCommonAnnotationProcessor,sampleProfileApplication,org.springframework.context.annotation.ConfigurationClassPostProcessor.importAwareProcessor,org.springframework.context.annotation.ConfigurationClassPostProcessor.enhancedConfigurationProcessor,helloWorldService,org.springframework.boot.autoconfigure.MessageSourceAutoConfiguration,messageSource,org.springframework.boot.autoconfigure.PropertyPlaceholderAutoConfiguration,propertySourcesPlaceholderConfigurer,org.springframework.boot.autoconfigure.web.EmbeddedServletContainerAutoConfiguration,embeddedServletContainerCustomizerBeanPostProcessor,org.springframework.boot.autoconfigure.web.ServerPropertiesAutoConfiguration,org.springframework.boot.context.embedded.properties.ServerProperties,propertySourcesBinder]; root of factory hierarchy
2013-08-02 11:36:40.168  INFO 24883 --- [       Thread-2] s.c.a.AnnotationConfigApplicationContext : Closing org.springframework.context.annotation.AnnotationConfigApplicationContext@558041e0: startup date [Fri Aug 02 11:36:39 BST 2013]; root of context hierarchy
2013-08-02 11:36:40.168  INFO 24883 --- [       Thread-3] s.c.a.AnnotationConfigApplicationContext : Closing org.springframework.context.annotation.AnnotationConfigApplicationContext@746db33c: startup date [Fri Aug 02 11:36:40 BST 2013]; root of context hierarchy
2013-08-02 11:36:40.169  INFO 24883 --- [       Thread-2] o.s.b.f.s.DefaultListableBeanFactory     : Destroying singletons in org.springframework.beans.factory.support.DefaultListableBeanFactory@4b85c17: defining beans [org.springframework.context.annotation.internalConfigurationAnnotationProcessor,org.springframework.context.annotation.internalAutowiredAnnotationProcessor,org.springframework.context.annotation.internalRequiredAnnotationProcessor,org.springframework.context.annotation.internalCommonAnnotationProcessor,sampleProfileApplication,org.springframework.context.annotation.ConfigurationClassPostProcessor.importAwareProcessor,org.springframework.context.annotation.ConfigurationClassPostProcessor.enhancedConfigurationProcessor,goodbyeWorldService,org.springframework.boot.autoconfigure.MessageSourceAutoConfiguration,messageSource,org.springframework.boot.autoconfigure.PropertyPlaceholderAutoConfiguration,propertySourcesPlaceholderConfigurer,org.springframework.boot.autoconfigure.web.EmbeddedServletContainerAutoConfiguration,embeddedServletContainerCustomizerBeanPostProcessor,org.springframework.boot.autoconfigure.web.ServerPropertiesAutoConfiguration,org.springframework.boot.context.embedded.properties.ServerProperties,propertySourcesBinder]; root of factory hierarchy
2013-08-02 11:36:40.169  INFO 24883 --- [       Thread-3] o.s.b.f.s.DefaultListableBeanFactory     : Destroying singletons in org.springframework.beans.factory.support.DefaultListableBeanFactory@45389b3f: defining beans [org.springframework.context.annotation.internalConfigurationAnnotationProcessor,org.springframework.context.annotation.internalAutowiredAnnotationProcessor,org.springframework.context.annotation.internalRequiredAnnotationProcessor,org.springframework.context.annotation.internalCommonAnnotationProcessor,sampleProfileApplication,org.springframework.context.annotation.ConfigurationClassPostProcessor.importAwareProcessor,org.springframework.context.annotation.ConfigurationClassPostProcessor.enhancedConfigurationProcessor,goodbyeWorldService,org.springframework.boot.autoconfigure.MessageSourceAutoConfiguration,messageSource,org.springframework.boot.autoconfigure.PropertyPlaceholderAutoConfiguration,propertySourcesPlaceholderConfigurer,org.springframework.boot.autoconfigure.web.EmbeddedServletContainerAutoConfiguration,embeddedServletContainerCustomizerBeanPostProcessor,org.springframework.boot.autoconfigure.web.ServerPropertiesAutoConfiguration,org.springframework.boot.context.embedded.properties.ServerProperties,propertySourcesBinder]; root of factory hierarchy

Results :

Tests run: 3, Failures: 0, Errors: 0, Skipped: 0

[INFO] 
[INFO] --- maven-jar-plugin:2.4:jar (default-jar) @ spring-boot-sample-profile ---
[INFO] Building jar: /home/dsyer/dev/bootstrap/boot/spring-boot-samples/spring-boot-sample-profile/target/spring-boot-sample-profile-0.5.0.BUILD-SNAPSHOT.jar
[INFO] META-INF/maven/org.springframework.boot/spring-boot-sample-profile/pom.xml already added, skipping
[INFO] META-INF/maven/org.springframework.boot/spring-boot-sample-profile/pom.properties already added, skipping
[INFO] 
[INFO] --- maven-javadoc-plugin:2.9:jar (attach-javadocs) @ spring-boot-sample-profile ---
[INFO] 
Loading source files for package org.springframework.boot.sample.profile...
Loading source files for package org.springframework.boot.sample.profile.service...
Constructing Javadoc information...
Standard Doclet version 1.6.0_24
Building tree for all the packages and classes...
Generating /home/dsyer/dev/bootstrap/boot/spring-boot-samples/spring-boot-sample-profile/target/apidocs/org/springframework/boot/sample/profile/SampleProfileApplication.html...
Generating /home/dsyer/dev/bootstrap/boot/spring-boot-samples/spring-boot-sample-profile/target/apidocs/org/springframework/boot/sample/profile/service/GoodbyeWorldService.html...
Generating /home/dsyer/dev/bootstrap/boot/spring-boot-samples/spring-boot-sample-profile/target/apidocs/org/springframework/boot/sample/profile/service/HelloWorldService.html...
Generating /home/dsyer/dev/bootstrap/boot/spring-boot-samples/spring-boot-sample-profile/target/apidocs/org/springframework/boot/sample/profile/service/MessageService.html...
Generating /home/dsyer/dev/bootstrap/boot/spring-boot-samples/spring-boot-sample-profile/target/apidocs/overview-frame.html...
Generating /home/dsyer/dev/bootstrap/boot/spring-boot-samples/spring-boot-sample-profile/target/apidocs/org/springframework/boot/sample/profile/package-frame.html...
Generating /home/dsyer/dev/bootstrap/boot/spring-boot-samples/spring-boot-sample-profile/target/apidocs/org/springframework/boot/sample/profile/package-summary.html...
Generating /home/dsyer/dev/bootstrap/boot/spring-boot-samples/spring-boot-sample-profile/target/apidocs/org/springframework/boot/sample/profile/package-tree.html...
Generating /home/dsyer/dev/bootstrap/boot/spring-boot-samples/spring-boot-sample-profile/target/apidocs/org/springframework/boot/sample/profile/service/package-frame.html...
Generating /home/dsyer/dev/bootstrap/boot/spring-boot-samples/spring-boot-sample-profile/target/apidocs/org/springframework/boot/sample/profile/service/package-summary.html...
Generating /home/dsyer/dev/bootstrap/boot/spring-boot-samples/spring-boot-sample-profile/target/apidocs/org/springframework/boot/sample/profile/service/package-tree.html...
Generating /home/dsyer/dev/bootstrap/boot/spring-boot-samples/spring-boot-sample-profile/target/apidocs/constant-values.html...
Generating /home/dsyer/dev/bootstrap/boot/spring-boot-samples/spring-boot-sample-profile/target/apidocs/org/springframework/boot/sample/profile/class-use/SampleProfileApplication.html...
Generating /home/dsyer/dev/bootstrap/boot/spring-boot-samples/spring-boot-sample-profile/target/apidocs/org/springframework/boot/sample/profile/service/class-use/GoodbyeWorldService.html...
Generating /home/dsyer/dev/bootstrap/boot/spring-boot-samples/spring-boot-sample-profile/target/apidocs/org/springframework/boot/sample/profile/service/class-use/MessageService.html...
Generating /home/dsyer/dev/bootstrap/boot/spring-boot-samples/spring-boot-sample-profile/target/apidocs/org/springframework/boot/sample/profile/service/class-use/HelloWorldService.html...
Generating /home/dsyer/dev/bootstrap/boot/spring-boot-samples/spring-boot-sample-profile/target/apidocs/org/springframework/boot/sample/profile/package-use.html...
Generating /home/dsyer/dev/bootstrap/boot/spring-boot-samples/spring-boot-sample-profile/target/apidocs/org/springframework/boot/sample/profile/service/package-use.html...
Building index for all the packages and classes...
Generating /home/dsyer/dev/bootstrap/boot/spring-boot-samples/spring-boot-sample-profile/target/apidocs/overview-tree.html...
Generating /home/dsyer/dev/bootstrap/boot/spring-boot-samples/spring-boot-sample-profile/target/apidocs/index-all.html...
Generating /home/dsyer/dev/bootstrap/boot/spring-boot-samples/spring-boot-sample-profile/target/apidocs/deprecated-list.html...
Building index for all classes...
Generating /home/dsyer/dev/bootstrap/boot/spring-boot-samples/spring-boot-sample-profile/target/apidocs/allclasses-frame.html...
Generating /home/dsyer/dev/bootstrap/boot/spring-boot-samples/spring-boot-sample-profile/target/apidocs/allclasses-noframe.html...
Generating /home/dsyer/dev/bootstrap/boot/spring-boot-samples/spring-boot-sample-profile/target/apidocs/index.html...
Generating /home/dsyer/dev/bootstrap/boot/spring-boot-samples/spring-boot-sample-profile/target/apidocs/overview-summary.html...
Generating /home/dsyer/dev/bootstrap/boot/spring-boot-samples/spring-boot-sample-profile/target/apidocs/help-doc.html...
Generating /home/dsyer/dev/bootstrap/boot/spring-boot-samples/spring-boot-sample-profile/target/apidocs/stylesheet.css...
[INFO] Building jar: /home/dsyer/dev/bootstrap/boot/spring-boot-samples/spring-boot-sample-profile/target/spring-boot-sample-profile-0.5.0.BUILD-SNAPSHOT-javadoc.jar
[INFO] 
[INFO] --- maven-source-plugin:2.2.1:jar-no-fork (attach-sources) @ spring-boot-sample-profile ---
[INFO] Building jar: /home/dsyer/dev/bootstrap/boot/spring-boot-samples/spring-boot-sample-profile/target/spring-boot-sample-profile-0.5.0.BUILD-SNAPSHOT-sources.jar
[INFO] 
[INFO] --- spring-boot-maven-plugin:0.5.0.BUILD-SNAPSHOT:repackage (default) @ spring-boot-sample-profile ---
[INFO] ------------------------------------------------------------------------
[INFO] BUILD SUCCESS
[INFO] ------------------------------------------------------------------------
[INFO] Total time: 6.754s
[INFO] Finished at: Fri Aug 02 11:36:42 BST 2013
[INFO] Final Memory: 18M/216M
[INFO] ------------------------------------------------------------------------
