[INFO] Scanning for projects...
[INFO]                                                                         
[INFO] ------------------------------------------------------------------------
[INFO] Building spring-boot-sample-data-jpa 0.5.0.BUILD-SNAPSHOT
[INFO] ------------------------------------------------------------------------
Downloading: file:///home/dsyer/.m2/repository/org/jboss/logging/jboss-logging/3.1.0.GA/jboss-logging-3.1.0.GA.pom
Downloaded: file:///home/dsyer/.m2/repository/org/jboss/logging/jboss-logging/3.1.0.GA/jboss-logging-3.1.0.GA.pom (6 KB at 160.7 KB/sec)
Downloading: file:///home/dsyer/.m2/repository/org/jboss/jboss-parent/7/jboss-parent-7.pom
Downloaded: file:///home/dsyer/.m2/repository/org/jboss/jboss-parent/7/jboss-parent-7.pom (22 KB at 439.7 KB/sec)
Downloading: file:///home/dsyer/.m2/repository/org/jboss/logging/jboss-logging/3.1.0.GA/jboss-logging-3.1.0.GA.jar
Downloaded: file:///home/dsyer/.m2/repository/org/jboss/logging/jboss-logging/3.1.0.GA/jboss-logging-3.1.0.GA.jar (60 KB at 1059.7 KB/sec)
[INFO] 
[INFO] --- maven-resources-plugin:2.6:resources (default-resources) @ spring-boot-sample-data-jpa ---
[INFO] Using 'UTF-8' encoding to copy filtered resources.
[INFO] Copying 2 resources
[INFO] 
[INFO] --- maven-compiler-plugin:3.1:compile (default-compile) @ spring-boot-sample-data-jpa ---
[INFO] Changes detected - recompiling the module!
[INFO] Compiling 20 source files to /home/dsyer/dev/bootstrap/boot/spring-boot-samples/spring-boot-sample-data-jpa/target/classes
[INFO] 
[INFO] --- maven-resources-plugin:2.6:testResources (default-testResources) @ spring-boot-sample-data-jpa ---
[INFO] Using 'UTF-8' encoding to copy filtered resources.
[INFO] skip non existing resourceDirectory /home/dsyer/dev/bootstrap/boot/spring-boot-samples/spring-boot-sample-data-jpa/src/test/resources
[INFO] 
[INFO] --- maven-compiler-plugin:3.1:testCompile (default-testCompile) @ spring-boot-sample-data-jpa ---
[INFO] Changes detected - recompiling the module!
[INFO] Compiling 1 source file to /home/dsyer/dev/bootstrap/boot/spring-boot-samples/spring-boot-sample-data-jpa/target/test-classes
[INFO] 
[INFO] --- maven-surefire-plugin:2.15:test (default-test) @ spring-boot-sample-data-jpa ---
[INFO] Surefire report directory: /home/dsyer/dev/bootstrap/boot/spring-boot-samples/spring-boot-sample-data-jpa/target/surefire-reports

-------------------------------------------------------
 T E S T S
-------------------------------------------------------
Running org.springframework.boot.sample.data.jpa.SampleDataJpaApplicationTests

  .   ____          _            __ _ _
 /\\ / ___'_ __ _ _(_)_ __  __ _ \ \ \ \
( ( )\___ | '_ | '_| | '_ \/ _` | \ \ \ \
 \\/  ___)| |_)| | | | | || (_| |  ) ) ) )
  '  |____| .__|_| |_|_| |_\__, | / / / /
 =========|_|==============|___/=/_/_/_/
 :: Spring Boot ::   v0.5.0.BUILD.SNAPSHOT

2013-08-02 11:35:20.569  INFO 23553 --- [pool-1-thread-1] o.s.boot.SpringApplication               : Starting application on dsyer with PID 23553 (/home/dsyer/dev/bootstrap/boot/spring-boot-integration-tests/target/local-repo/org/springframework/boot/spring-boot/0.5.0.BUILD-SNAPSHOT/spring-boot-0.5.0.BUILD-SNAPSHOT.jar started by dsyer)
2013-08-02 11:35:20.606  INFO 23553 --- [pool-1-thread-1] ationConfigEmbeddedWebApplicationContext : Refreshing org.springframework.boot.context.embedded.AnnotationConfigEmbeddedWebApplicationContext@43ee148b: startup date [Fri Aug 02 11:35:20 BST 2013]; root of context hierarchy
2013-08-02 11:35:21.200  INFO 23553 --- [pool-1-thread-1] o.s.b.f.s.DefaultListableBeanFactory     : Overriding bean definition for bean 'transactionManager': replacing [Root bean: class [null]; scope=; abstract=false; lazyInit=false; autowireMode=3; dependencyCheck=0; autowireCandidate=true; primary=false; factoryBeanName=org.springframework.boot.autoconfigure.jdbc.DataSourceTransactionManagerAutoConfiguration; factoryMethodName=transactionManager; initMethodName=null; destroyMethodName=(inferred); defined in class path resource [org/springframework/boot/autoconfigure/jdbc/DataSourceTransactionManagerAutoConfiguration.class]] with [Root bean: class [null]; scope=; abstract=false; lazyInit=false; autowireMode=3; dependencyCheck=0; autowireCandidate=true; primary=false; factoryBeanName=org.springframework.boot.autoconfigure.orm.jpa.HibernateJpaAutoConfiguration; factoryMethodName=transactionManager; initMethodName=null; destroyMethodName=(inferred); defined in class path resource [org/springframework/boot/autoconfigure/orm/jpa/HibernateJpaAutoConfiguration.class]]
2013-08-02 11:35:21.202  INFO 23553 --- [pool-1-thread-1] o.s.b.f.s.DefaultListableBeanFactory     : Overriding bean definition for bean 'jpaVendorAdapter': replacing [Root bean: class [null]; scope=; abstract=false; lazyInit=false; autowireMode=3; dependencyCheck=0; autowireCandidate=true; primary=false; factoryBeanName=org.springframework.boot.autoconfigure.orm.jpa.HibernateJpaAutoConfiguration; factoryMethodName=jpaVendorAdapter; initMethodName=null; destroyMethodName=(inferred); defined in class path resource [org/springframework/boot/autoconfigure/orm/jpa/HibernateJpaAutoConfiguration.class]] with [Root bean: class [null]; scope=; abstract=false; lazyInit=false; autowireMode=3; dependencyCheck=0; autowireCandidate=true; primary=false; factoryBeanName=org.springframework.boot.autoconfigure.orm.jpa.HibernateJpaAutoConfiguration; factoryMethodName=jpaVendorAdapter; initMethodName=null; destroyMethodName=(inferred); defined in class path resource [org/springframework/boot/autoconfigure/orm/jpa/HibernateJpaAutoConfiguration.class]]
2013-08-02 11:35:21.416  INFO 23553 --- [pool-1-thread-1] ationConfigEmbeddedWebApplicationContext : Bean 'org.springframework.boot.autoconfigure.orm.jpa.HibernateJpaAutoConfiguration' of type [class org.springframework.boot.autoconfigure.orm.jpa.HibernateJpaAutoConfiguration$$EnhancerByCGLIB$$1d0b368d] is not eligible for getting processed by all BeanPostProcessors (for example: not eligible for auto-proxying)
2013-08-02 11:35:21.432  INFO 23553 --- [pool-1-thread-1] ationConfigEmbeddedWebApplicationContext : Bean 'jpaVendorAdapter' of type [class org.springframework.orm.jpa.vendor.HibernateJpaVendorAdapter] is not eligible for getting processed by all BeanPostProcessors (for example: not eligible for auto-proxying)
2013-08-02 11:35:21.436  INFO 23553 --- [pool-1-thread-1] ationConfigEmbeddedWebApplicationContext : Bean 'org.springframework.boot.autoconfigure.jdbc.EmbeddedDatabaseConfiguration' of type [class org.springframework.boot.autoconfigure.jdbc.EmbeddedDatabaseConfiguration$$EnhancerByCGLIB$$3846135c] is not eligible for getting processed by all BeanPostProcessors (for example: not eligible for auto-proxying)
2013-08-02 11:35:21.447  INFO 23553 --- [pool-1-thread-1] o.s.j.d.e.EmbeddedDatabaseFactory        : Creating embedded database 'testdb'
2013-08-02 11:35:21.670  INFO 23553 --- [pool-1-thread-1] ationConfigEmbeddedWebApplicationContext : Bean 'dataSource' of type [class org.springframework.jdbc.datasource.embedded.EmbeddedDatabaseFactory$EmbeddedDataSourceProxy] is not eligible for getting processed by all BeanPostProcessors (for example: not eligible for auto-proxying)
2013-08-02 11:35:21.695  INFO 23553 --- [pool-1-thread-1] j.LocalContainerEntityManagerFactoryBean : Building JPA container EntityManagerFactory for persistence unit 'default'
2013-08-02 11:35:21.841  INFO 23553 --- [pool-1-thread-1] o.hibernate.annotations.common.Version   : HCANN000001: Hibernate Commons Annotations {4.0.1.Final}
2013-08-02 11:35:21.846  INFO 23553 --- [pool-1-thread-1] org.hibernate.Version                    : HHH000412: Hibernate Core {4.2.1.Final}
2013-08-02 11:35:21.848  INFO 23553 --- [pool-1-thread-1] org.hibernate.cfg.Environment            : HHH000206: hibernate.properties not found
2013-08-02 11:35:21.849  INFO 23553 --- [pool-1-thread-1] org.hibernate.cfg.Environment            : HHH000021: Bytecode provider name : javassist
2013-08-02 11:35:21.865  INFO 23553 --- [pool-1-thread-1] org.hibernate.ejb.Ejb3Configuration      : HHH000204: Processing PersistenceUnitInfo [
	name: default
	...]
2013-08-02 11:35:22.074  INFO 23553 --- [pool-1-thread-1] o.h.s.j.c.i.ConnectionProviderInitiator  : HHH000130: Instantiating explicit connection provider: org.hibernate.ejb.connection.InjectedDataSourceConnectionProvider
2013-08-02 11:35:22.111  INFO 23553 --- [pool-1-thread-1] org.hibernate.dialect.Dialect            : HHH000400: Using dialect: org.hibernate.dialect.HSQLDialect
2013-08-02 11:35:22.137  INFO 23553 --- [pool-1-thread-1] o.h.e.t.i.TransactionFactoryInitiator    : HHH000268: Transaction strategy: org.hibernate.engine.transaction.internal.jdbc.JdbcTransactionFactory
2013-08-02 11:35:22.142  INFO 23553 --- [pool-1-thread-1] o.h.h.i.ast.ASTQueryTranslatorFactory    : HHH000397: Using ASTQueryTranslatorFactory
2013-08-02 11:35:22.342  INFO 23553 --- [pool-1-thread-1] org.hibernate.tool.hbm2ddl.SchemaExport  : HHH000227: Running hbm2ddl schema export
2013-08-02 11:35:22.346 ERROR 23553 --- [pool-1-thread-1] org.hibernate.tool.hbm2ddl.SchemaExport  : HHH000389: Unsuccessful: alter table Hotel drop constraint FK_ea7cde5161f1462ab9068e4983f
2013-08-02 11:35:22.346 ERROR 23553 --- [pool-1-thread-1] org.hibernate.tool.hbm2ddl.SchemaExport  : user lacks privilege or object not found: PUBLIC.HOTEL
2013-08-02 11:35:22.347 ERROR 23553 --- [pool-1-thread-1] org.hibernate.tool.hbm2ddl.SchemaExport  : HHH000389: Unsuccessful: alter table Review drop constraint FK_9f8bec21331a45cda67e087d341
2013-08-02 11:35:22.347 ERROR 23553 --- [pool-1-thread-1] org.hibernate.tool.hbm2ddl.SchemaExport  : user lacks privilege or object not found: PUBLIC.REVIEW
2013-08-02 11:35:22.398  INFO 23553 --- [pool-1-thread-1] org.hibernate.tool.hbm2ddl.SchemaExport  : HHH000230: Schema export complete
2013-08-02 11:35:22.443  INFO 23553 --- [pool-1-thread-1] ationConfigEmbeddedWebApplicationContext : Bean 'entityManagerFactory' of type [class org.springframework.orm.jpa.LocalContainerEntityManagerFactoryBean] is not eligible for getting processed by all BeanPostProcessors (for example: not eligible for auto-proxying)
2013-08-02 11:35:22.488  INFO 23553 --- [pool-1-thread-1] ationConfigEmbeddedWebApplicationContext : Bean 'org.springframework.transaction.annotation.ProxyTransactionManagementConfiguration' of type [class org.springframework.transaction.annotation.ProxyTransactionManagementConfiguration$$EnhancerByCGLIB$$bae74a6d] is not eligible for getting processed by all BeanPostProcessors (for example: not eligible for auto-proxying)
2013-08-02 11:35:22.504  INFO 23553 --- [pool-1-thread-1] ationConfigEmbeddedWebApplicationContext : Bean 'transactionAttributeSource' of type [class org.springframework.transaction.annotation.AnnotationTransactionAttributeSource] is not eligible for getting processed by all BeanPostProcessors (for example: not eligible for auto-proxying)
2013-08-02 11:35:22.512  INFO 23553 --- [pool-1-thread-1] ationConfigEmbeddedWebApplicationContext : Bean 'transactionInterceptor' of type [class org.springframework.transaction.interceptor.TransactionInterceptor] is not eligible for getting processed by all BeanPostProcessors (for example: not eligible for auto-proxying)
2013-08-02 11:35:22.516  INFO 23553 --- [pool-1-thread-1] ationConfigEmbeddedWebApplicationContext : Bean 'org.springframework.transaction.config.internalTransactionAdvisor' of type [class org.springframework.transaction.interceptor.BeanFactoryTransactionAttributeSourceAdvisor] is not eligible for getting processed by all BeanPostProcessors (for example: not eligible for auto-proxying)
2013-08-02 11:35:22.927  INFO 23553 --- [pool-1-thread-1] o.apache.catalina.core.StandardService   : Starting service Tomcat
2013-08-02 11:35:22.927  INFO 23553 --- [pool-1-thread-1] org.apache.catalina.core.StandardEngine  : Starting Servlet Engine: Apache Tomcat/7.0.42
2013-08-02 11:35:23.020  INFO 23553 --- [ost-startStop-1] o.a.c.c.C.[Tomcat].[localhost].[/]       : Initializing Spring embedded WebApplicationContext
2013-08-02 11:35:23.020  INFO 23553 --- [ost-startStop-1] o.s.web.context.ContextLoader            : Root WebApplicationContext: initialization completed in 2416 ms
2013-08-02 11:35:23.120  INFO 23553 --- [ost-startStop-1] o.a.c.c.C.[Tomcat].[localhost].[/]       : Initializing Spring FrameworkServlet 'dispatcherServlet'
2013-08-02 11:35:23.120  INFO 23553 --- [ost-startStop-1] o.s.web.servlet.DispatcherServlet        : FrameworkServlet 'dispatcherServlet': initialization started
2013-08-02 11:35:23.153  WARN 23553 --- [ost-startStop-1] o.s.w.s.r.ResourceHttpRequestHandler     : Locations list is empty. No resources will be served
2013-08-02 11:35:23.170  INFO 23553 --- [ost-startStop-1] o.s.w.s.handler.SimpleUrlHandlerMapping  : Mapped URL path [/**/favicon.ico] onto handler of type [class org.springframework.web.servlet.resource.ResourceHttpRequestHandler]
2013-08-02 11:35:23.293  INFO 23553 --- [ost-startStop-1] s.w.s.m.m.a.RequestMappingHandlerMapping : Mapped "{[/],methods=[],params=[],headers=[],consumes=[],produces=[],custom=[]}" onto public java.lang.String org.springframework.boot.sample.data.jpa.web.SampleController.helloWorld()
2013-08-02 11:35:23.329  INFO 23553 --- [ost-startStop-1] o.s.w.s.handler.SimpleUrlHandlerMapping  : Mapped URL path [/**] onto handler of type [class org.springframework.web.servlet.resource.ResourceHttpRequestHandler]
2013-08-02 11:35:23.330  INFO 23553 --- [ost-startStop-1] o.s.w.s.handler.SimpleUrlHandlerMapping  : Mapped URL path [/resources/**] onto handler of type [class org.springframework.web.servlet.resource.ResourceHttpRequestHandler]
2013-08-02 11:35:23.336  INFO 23553 --- [ost-startStop-1] o.s.w.s.handler.SimpleUrlHandlerMapping  : Mapped URL path [/**] onto handler of type [class org.springframework.web.servlet.resource.DefaultServletHttpRequestHandler]
2013-08-02 11:35:23.565  INFO 23553 --- [ost-startStop-1] o.s.web.servlet.DispatcherServlet        : FrameworkServlet 'dispatcherServlet': initialization completed in 445 ms
2013-08-02 11:35:24.088  INFO 23553 --- [           main] ationConfigEmbeddedWebApplicationContext : Closing org.springframework.boot.context.embedded.AnnotationConfigEmbeddedWebApplicationContext@43ee148b: startup date [Fri Aug 02 11:35:20 BST 2013]; root of context hierarchy
2013-08-02 11:35:24.089  INFO 23553 --- [           main] o.s.b.f.s.DefaultListableBeanFactory     : Destroying singletons in org.springframework.beans.factory.support.DefaultListableBeanFactory@1cee1ede: defining beans [org.springframework.context.annotation.internalConfigurationAnnotationProcessor,org.springframework.context.annotation.internalAutowiredAnnotationProcessor,org.springframework.context.annotation.internalRequiredAnnotationProcessor,org.springframework.context.annotation.internalCommonAnnotationProcessor,org.springframework.context.annotation.internalPersistenceAnnotationProcessor,sampleDataJpaApplication,org.springframework.context.annotation.ConfigurationClassPostProcessor.importAwareProcessor,org.springframework.context.annotation.ConfigurationClassPostProcessor.enhancedConfigurationProcessor,hotelService,cityService,hotelSummaryRepository,sampleController,org.springframework.boot.autoconfigure.MessageSourceAutoConfiguration,messageSource,org.springframework.boot.autoconfigure.PropertyPlaceholderAutoConfiguration,propertySourcesPlaceholderConfigurer,org.springframework.boot.autoconfigure.web.EmbeddedServletContainerAutoConfiguration$EmbeddedTomcat,tomcatEmbeddedServletContainerFactory,org.springframework.boot.autoconfigure.web.EmbeddedServletContainerAutoConfiguration$DispatcherServletConfiguration,dispatcherServlet,org.springframework.boot.autoconfigure.web.EmbeddedServletContainerAutoConfiguration,embeddedServletContainerCustomizerBeanPostProcessor,org.springframework.boot.autoconfigure.web.WebMvcAutoConfiguration$WebMvcAutoConfigurationAdapter$FaviconConfiguration,faviconHandlerMapping,faviconRequestHandler,org.springframework.web.servlet.config.annotation.DelegatingWebMvcConfiguration,requestMappingHandlerMapping,mvcContentNegotiationManager,viewControllerHandlerMapping,beanNameHandlerMapping,resourceHandlerMapping,defaultServletHandlerMapping,requestMappingHandlerAdapter,mvcConversionService,mvcValidator,httpRequestHandlerAdapter,simpleControllerHandlerAdapter,handlerExceptionResolver,org.springframework.boot.autoconfigure.web.WebMvcAutoConfiguration$WebMvcAutoConfigurationAdapter,org.springframework.boot.autoconfigure.web.WebMvcAutoConfiguration,hiddenHttpMethodFilter,org.springframework.boot.autoconfigure.data.JpaRepositoriesAutoConfiguration,org.springframework.data.repository.core.support.RepositoryInterfaceAwareBeanPostProcessor#0,org.springframework.dao.annotation.PersistenceExceptionTranslationPostProcessor#0,hotelRepository,reviewRepository,cityRepository,org.springframework.boot.autoconfigure.jdbc.DataSourceAutoConfiguration$JdbcTemplateConfiguration,jdbcTemplate,namedParameterJdbcTemplate,org.springframework.boot.autoconfigure.jdbc.EmbeddedDatabaseConfiguration,dataSource,org.springframework.boot.autoconfigure.jdbc.DataSourceAutoConfiguration$EmbeddedConfiguration,org.springframework.boot.autoconfigure.jdbc.DataSourceAutoConfiguration,org.springframework.boot.autoconfigure.jdbc.DataSourceTransactionManagerAutoConfiguration,transactionManager,org.springframework.transaction.annotation.ProxyTransactionManagementConfiguration,org.springframework.transaction.config.internalTransactionAdvisor,transactionAttributeSource,transactionInterceptor,org.springframework.boot.autoconfigure.orm.jpa.JpaBaseConfiguration$JpaWebConfiguration,openEntityManagerInViewInterceptor,org.springframework.boot.autoconfigure.orm.jpa.HibernateJpaAutoConfiguration,jpaVendorAdapter,entityManagerFactory,org.springframework.aop.config.internalAutoProxyCreator,org.springframework.boot.autoconfigure.web.ServerPropertiesAutoConfiguration,org.springframework.boot.context.embedded.properties.ServerProperties,propertySourcesBinder]; root of factory hierarchy
2013-08-02 11:35:24.093  INFO 23553 --- [           main] j.LocalContainerEntityManagerFactoryBean : Closing JPA EntityManagerFactory for persistence unit 'default'
2013-08-02 11:35:24.093  INFO 23553 --- [           main] org.hibernate.tool.hbm2ddl.SchemaExport  : HHH000227: Running hbm2ddl schema export
2013-08-02 11:35:24.098  INFO 23553 --- [           main] org.hibernate.tool.hbm2ddl.SchemaExport  : HHH000230: Schema export complete
Tests run: 1, Failures: 0, Errors: 0, Skipped: 0, Time elapsed: 4.041 sec - in org.springframework.boot.sample.data.jpa.SampleDataJpaApplicationTests

Results :

Tests run: 1, Failures: 0, Errors: 0, Skipped: 0

[INFO] 
[INFO] --- maven-jar-plugin:2.4:jar (default-jar) @ spring-boot-sample-data-jpa ---
[INFO] Building jar: /home/dsyer/dev/bootstrap/boot/spring-boot-samples/spring-boot-sample-data-jpa/target/spring-boot-sample-data-jpa-0.5.0.BUILD-SNAPSHOT.jar
[INFO] META-INF/maven/org.springframework.boot/spring-boot-sample-data-jpa/pom.xml already added, skipping
[INFO] META-INF/maven/org.springframework.boot/spring-boot-sample-data-jpa/pom.properties already added, skipping
[INFO] 
[INFO] --- maven-javadoc-plugin:2.9:jar (attach-javadocs) @ spring-boot-sample-data-jpa ---
[INFO] 
Loading source files for package org.springframework.boot.sample.data.jpa...
Loading source files for package org.springframework.boot.sample.data.jpa.service...
Loading source files for package org.springframework.boot.sample.data.jpa.service.impl...
Loading source files for package org.springframework.boot.sample.data.jpa.domain...
Loading source files for package org.springframework.boot.sample.data.jpa.domain.repository...
Loading source files for package org.springframework.boot.sample.data.jpa.web...
Constructing Javadoc information...
Standard Doclet version 1.6.0_24
Building tree for all the packages and classes...
Generating /home/dsyer/dev/bootstrap/boot/spring-boot-samples/spring-boot-sample-data-jpa/target/apidocs/org/springframework/boot/sample/data/jpa/SampleDataJpaApplication.html...
Generating /home/dsyer/dev/bootstrap/boot/spring-boot-samples/spring-boot-sample-data-jpa/target/apidocs/org/springframework/boot/sample/data/jpa/service/CitySearchCriteria.html...
Generating /home/dsyer/dev/bootstrap/boot/spring-boot-samples/spring-boot-sample-data-jpa/target/apidocs/org/springframework/boot/sample/data/jpa/service/CityService.html...
Generating /home/dsyer/dev/bootstrap/boot/spring-boot-samples/spring-boot-sample-data-jpa/target/apidocs/org/springframework/boot/sample/data/jpa/service/HotelService.html...
Generating /home/dsyer/dev/bootstrap/boot/spring-boot-samples/spring-boot-sample-data-jpa/target/apidocs/org/springframework/boot/sample/data/jpa/service/ReviewsSummary.html...
Generating /home/dsyer/dev/bootstrap/boot/spring-boot-samples/spring-boot-sample-data-jpa/target/apidocs/org/springframework/boot/sample/data/jpa/service/impl/CityServiceImpl.html...
Generating /home/dsyer/dev/bootstrap/boot/spring-boot-samples/spring-boot-sample-data-jpa/target/apidocs/org/springframework/boot/sample/data/jpa/service/impl/HotelServiceImpl.html...
Generating /home/dsyer/dev/bootstrap/boot/spring-boot-samples/spring-boot-sample-data-jpa/target/apidocs/org/springframework/boot/sample/data/jpa/domain/City.html...
Generating /home/dsyer/dev/bootstrap/boot/spring-boot-samples/spring-boot-sample-data-jpa/target/apidocs/org/springframework/boot/sample/data/jpa/domain/Hotel.html...
Generating /home/dsyer/dev/bootstrap/boot/spring-boot-samples/spring-boot-sample-data-jpa/target/apidocs/org/springframework/boot/sample/data/jpa/domain/HotelSummary.html...
Generating /home/dsyer/dev/bootstrap/boot/spring-boot-samples/spring-boot-sample-data-jpa/target/apidocs/org/springframework/boot/sample/data/jpa/domain/Rating.html...
Generating /home/dsyer/dev/bootstrap/boot/spring-boot-samples/spring-boot-sample-data-jpa/target/apidocs/org/springframework/boot/sample/data/jpa/domain/RatingCount.html...
Generating /home/dsyer/dev/bootstrap/boot/spring-boot-samples/spring-boot-sample-data-jpa/target/apidocs/org/springframework/boot/sample/data/jpa/domain/Review.html...
Generating /home/dsyer/dev/bootstrap/boot/spring-boot-samples/spring-boot-sample-data-jpa/target/apidocs/org/springframework/boot/sample/data/jpa/domain/ReviewDetails.html...
Generating /home/dsyer/dev/bootstrap/boot/spring-boot-samples/spring-boot-sample-data-jpa/target/apidocs/org/springframework/boot/sample/data/jpa/domain/TripType.html...
Generating /home/dsyer/dev/bootstrap/boot/spring-boot-samples/spring-boot-sample-data-jpa/target/apidocs/org/springframework/boot/sample/data/jpa/domain/repository/CityRepository.html...
Generating /home/dsyer/dev/bootstrap/boot/spring-boot-samples/spring-boot-sample-data-jpa/target/apidocs/org/springframework/boot/sample/data/jpa/domain/repository/HotelRepository.html...
Generating /home/dsyer/dev/bootstrap/boot/spring-boot-samples/spring-boot-sample-data-jpa/target/apidocs/org/springframework/boot/sample/data/jpa/domain/repository/HotelSummaryRepository.html...
Generating /home/dsyer/dev/bootstrap/boot/spring-boot-samples/spring-boot-sample-data-jpa/target/apidocs/org/springframework/boot/sample/data/jpa/domain/repository/ReviewRepository.html...
Generating /home/dsyer/dev/bootstrap/boot/spring-boot-samples/spring-boot-sample-data-jpa/target/apidocs/org/springframework/boot/sample/data/jpa/web/SampleController.html...
Generating /home/dsyer/dev/bootstrap/boot/spring-boot-samples/spring-boot-sample-data-jpa/target/apidocs/overview-frame.html...
Generating /home/dsyer/dev/bootstrap/boot/spring-boot-samples/spring-boot-sample-data-jpa/target/apidocs/org/springframework/boot/sample/data/jpa/package-frame.html...
Generating /home/dsyer/dev/bootstrap/boot/spring-boot-samples/spring-boot-sample-data-jpa/target/apidocs/org/springframework/boot/sample/data/jpa/package-summary.html...
Generating /home/dsyer/dev/bootstrap/boot/spring-boot-samples/spring-boot-sample-data-jpa/target/apidocs/org/springframework/boot/sample/data/jpa/package-tree.html...
Generating /home/dsyer/dev/bootstrap/boot/spring-boot-samples/spring-boot-sample-data-jpa/target/apidocs/org/springframework/boot/sample/data/jpa/domain/package-frame.html...
Generating /home/dsyer/dev/bootstrap/boot/spring-boot-samples/spring-boot-sample-data-jpa/target/apidocs/org/springframework/boot/sample/data/jpa/domain/package-summary.html...
Generating /home/dsyer/dev/bootstrap/boot/spring-boot-samples/spring-boot-sample-data-jpa/target/apidocs/org/springframework/boot/sample/data/jpa/domain/package-tree.html...
Generating /home/dsyer/dev/bootstrap/boot/spring-boot-samples/spring-boot-sample-data-jpa/target/apidocs/org/springframework/boot/sample/data/jpa/domain/repository/package-frame.html...
Generating /home/dsyer/dev/bootstrap/boot/spring-boot-samples/spring-boot-sample-data-jpa/target/apidocs/org/springframework/boot/sample/data/jpa/domain/repository/package-summary.html...
Generating /home/dsyer/dev/bootstrap/boot/spring-boot-samples/spring-boot-sample-data-jpa/target/apidocs/org/springframework/boot/sample/data/jpa/domain/repository/package-tree.html...
Generating /home/dsyer/dev/bootstrap/boot/spring-boot-samples/spring-boot-sample-data-jpa/target/apidocs/org/springframework/boot/sample/data/jpa/service/package-frame.html...
Generating /home/dsyer/dev/bootstrap/boot/spring-boot-samples/spring-boot-sample-data-jpa/target/apidocs/org/springframework/boot/sample/data/jpa/service/package-summary.html...
Generating /home/dsyer/dev/bootstrap/boot/spring-boot-samples/spring-boot-sample-data-jpa/target/apidocs/org/springframework/boot/sample/data/jpa/service/package-tree.html...
Generating /home/dsyer/dev/bootstrap/boot/spring-boot-samples/spring-boot-sample-data-jpa/target/apidocs/org/springframework/boot/sample/data/jpa/service/impl/package-frame.html...
Generating /home/dsyer/dev/bootstrap/boot/spring-boot-samples/spring-boot-sample-data-jpa/target/apidocs/org/springframework/boot/sample/data/jpa/service/impl/package-summary.html...
Generating /home/dsyer/dev/bootstrap/boot/spring-boot-samples/spring-boot-sample-data-jpa/target/apidocs/org/springframework/boot/sample/data/jpa/service/impl/package-tree.html...
Generating /home/dsyer/dev/bootstrap/boot/spring-boot-samples/spring-boot-sample-data-jpa/target/apidocs/org/springframework/boot/sample/data/jpa/web/package-frame.html...
Generating /home/dsyer/dev/bootstrap/boot/spring-boot-samples/spring-boot-sample-data-jpa/target/apidocs/org/springframework/boot/sample/data/jpa/web/package-summary.html...
Generating /home/dsyer/dev/bootstrap/boot/spring-boot-samples/spring-boot-sample-data-jpa/target/apidocs/org/springframework/boot/sample/data/jpa/web/package-tree.html...
Generating /home/dsyer/dev/bootstrap/boot/spring-boot-samples/spring-boot-sample-data-jpa/target/apidocs/constant-values.html...
Generating /home/dsyer/dev/bootstrap/boot/spring-boot-samples/spring-boot-sample-data-jpa/target/apidocs/serialized-form.html...
Generating /home/dsyer/dev/bootstrap/boot/spring-boot-samples/spring-boot-sample-data-jpa/target/apidocs/org/springframework/boot/sample/data/jpa/class-use/SampleDataJpaApplication.html...
Generating /home/dsyer/dev/bootstrap/boot/spring-boot-samples/spring-boot-sample-data-jpa/target/apidocs/org/springframework/boot/sample/data/jpa/service/class-use/ReviewsSummary.html...
Generating /home/dsyer/dev/bootstrap/boot/spring-boot-samples/spring-boot-sample-data-jpa/target/apidocs/org/springframework/boot/sample/data/jpa/service/class-use/CitySearchCriteria.html...
Generating /home/dsyer/dev/bootstrap/boot/spring-boot-samples/spring-boot-sample-data-jpa/target/apidocs/org/springframework/boot/sample/data/jpa/service/class-use/CityService.html...
Generating /home/dsyer/dev/bootstrap/boot/spring-boot-samples/spring-boot-sample-data-jpa/target/apidocs/org/springframework/boot/sample/data/jpa/service/class-use/HotelService.html...
Generating /home/dsyer/dev/bootstrap/boot/spring-boot-samples/spring-boot-sample-data-jpa/target/apidocs/org/springframework/boot/sample/data/jpa/service/impl/class-use/CityServiceImpl.html...
Generating /home/dsyer/dev/bootstrap/boot/spring-boot-samples/spring-boot-sample-data-jpa/target/apidocs/org/springframework/boot/sample/data/jpa/service/impl/class-use/HotelServiceImpl.html...
Generating /home/dsyer/dev/bootstrap/boot/spring-boot-samples/spring-boot-sample-data-jpa/target/apidocs/org/springframework/boot/sample/data/jpa/domain/class-use/Hotel.html...
Generating /home/dsyer/dev/bootstrap/boot/spring-boot-samples/spring-boot-sample-data-jpa/target/apidocs/org/springframework/boot/sample/data/jpa/domain/class-use/Rating.html...
Generating /home/dsyer/dev/bootstrap/boot/spring-boot-samples/spring-boot-sample-data-jpa/target/apidocs/org/springframework/boot/sample/data/jpa/domain/class-use/ReviewDetails.html...
Generating /home/dsyer/dev/bootstrap/boot/spring-boot-samples/spring-boot-sample-data-jpa/target/apidocs/org/springframework/boot/sample/data/jpa/domain/class-use/TripType.html...
Generating /home/dsyer/dev/bootstrap/boot/spring-boot-samples/spring-boot-sample-data-jpa/target/apidocs/org/springframework/boot/sample/data/jpa/domain/class-use/HotelSummary.html...
Generating /home/dsyer/dev/bootstrap/boot/spring-boot-samples/spring-boot-sample-data-jpa/target/apidocs/org/springframework/boot/sample/data/jpa/domain/class-use/Review.html...
Generating /home/dsyer/dev/bootstrap/boot/spring-boot-samples/spring-boot-sample-data-jpa/target/apidocs/org/springframework/boot/sample/data/jpa/domain/class-use/RatingCount.html...
Generating /home/dsyer/dev/bootstrap/boot/spring-boot-samples/spring-boot-sample-data-jpa/target/apidocs/org/springframework/boot/sample/data/jpa/domain/class-use/City.html...
Generating /home/dsyer/dev/bootstrap/boot/spring-boot-samples/spring-boot-sample-data-jpa/target/apidocs/org/springframework/boot/sample/data/jpa/domain/repository/class-use/CityRepository.html...
Generating /home/dsyer/dev/bootstrap/boot/spring-boot-samples/spring-boot-sample-data-jpa/target/apidocs/org/springframework/boot/sample/data/jpa/domain/repository/class-use/HotelRepository.html...
Generating /home/dsyer/dev/bootstrap/boot/spring-boot-samples/spring-boot-sample-data-jpa/target/apidocs/org/springframework/boot/sample/data/jpa/domain/repository/class-use/ReviewRepository.html...
Generating /home/dsyer/dev/bootstrap/boot/spring-boot-samples/spring-boot-sample-data-jpa/target/apidocs/org/springframework/boot/sample/data/jpa/domain/repository/class-use/HotelSummaryRepository.html...
Generating /home/dsyer/dev/bootstrap/boot/spring-boot-samples/spring-boot-sample-data-jpa/target/apidocs/org/springframework/boot/sample/data/jpa/web/class-use/SampleController.html...
Generating /home/dsyer/dev/bootstrap/boot/spring-boot-samples/spring-boot-sample-data-jpa/target/apidocs/org/springframework/boot/sample/data/jpa/package-use.html...
Generating /home/dsyer/dev/bootstrap/boot/spring-boot-samples/spring-boot-sample-data-jpa/target/apidocs/org/springframework/boot/sample/data/jpa/domain/package-use.html...
Generating /home/dsyer/dev/bootstrap/boot/spring-boot-samples/spring-boot-sample-data-jpa/target/apidocs/org/springframework/boot/sample/data/jpa/domain/repository/package-use.html...
Generating /home/dsyer/dev/bootstrap/boot/spring-boot-samples/spring-boot-sample-data-jpa/target/apidocs/org/springframework/boot/sample/data/jpa/service/package-use.html...
Generating /home/dsyer/dev/bootstrap/boot/spring-boot-samples/spring-boot-sample-data-jpa/target/apidocs/org/springframework/boot/sample/data/jpa/service/impl/package-use.html...
Generating /home/dsyer/dev/bootstrap/boot/spring-boot-samples/spring-boot-sample-data-jpa/target/apidocs/org/springframework/boot/sample/data/jpa/web/package-use.html...
Building index for all the packages and classes...
Generating /home/dsyer/dev/bootstrap/boot/spring-boot-samples/spring-boot-sample-data-jpa/target/apidocs/overview-tree.html...
Generating /home/dsyer/dev/bootstrap/boot/spring-boot-samples/spring-boot-sample-data-jpa/target/apidocs/index-all.html...
Generating /home/dsyer/dev/bootstrap/boot/spring-boot-samples/spring-boot-sample-data-jpa/target/apidocs/deprecated-list.html...
Building index for all classes...
Generating /home/dsyer/dev/bootstrap/boot/spring-boot-samples/spring-boot-sample-data-jpa/target/apidocs/allclasses-frame.html...
Generating /home/dsyer/dev/bootstrap/boot/spring-boot-samples/spring-boot-sample-data-jpa/target/apidocs/allclasses-noframe.html...
Generating /home/dsyer/dev/bootstrap/boot/spring-boot-samples/spring-boot-sample-data-jpa/target/apidocs/index.html...
Generating /home/dsyer/dev/bootstrap/boot/spring-boot-samples/spring-boot-sample-data-jpa/target/apidocs/overview-summary.html...
Generating /home/dsyer/dev/bootstrap/boot/spring-boot-samples/spring-boot-sample-data-jpa/target/apidocs/help-doc.html...
Generating /home/dsyer/dev/bootstrap/boot/spring-boot-samples/spring-boot-sample-data-jpa/target/apidocs/stylesheet.css...
[INFO] Building jar: /home/dsyer/dev/bootstrap/boot/spring-boot-samples/spring-boot-sample-data-jpa/target/spring-boot-sample-data-jpa-0.5.0.BUILD-SNAPSHOT-javadoc.jar
[INFO] 
[INFO] --- maven-source-plugin:2.2.1:jar-no-fork (attach-sources) @ spring-boot-sample-data-jpa ---
[INFO] Building jar: /home/dsyer/dev/bootstrap/boot/spring-boot-samples/spring-boot-sample-data-jpa/target/spring-boot-sample-data-jpa-0.5.0.BUILD-SNAPSHOT-sources.jar
[INFO] 
[INFO] --- spring-boot-maven-plugin:0.5.0.BUILD-SNAPSHOT:repackage (default) @ spring-boot-sample-data-jpa ---
[INFO] ------------------------------------------------------------------------
[INFO] BUILD SUCCESS
[INFO] ------------------------------------------------------------------------
[INFO] Total time: 13.632s
[INFO] Finished at: Fri Aug 02 11:35:29 BST 2013
[INFO] Final Memory: 23M/335M
[INFO] ------------------------------------------------------------------------
