[INFO] Scanning for projects...
[INFO]                                                                         
[INFO] ------------------------------------------------------------------------
[INFO] Building spring-boot-sample-jetty 0.5.0.BUILD-SNAPSHOT
[INFO] ------------------------------------------------------------------------
Downloading: file:///home/dsyer/.m2/repository/org/eclipse/jetty/orbit/javax.servlet/2.5.0.v201103041518/javax.servlet-2.5.0.v201103041518.pom
Downloaded: file:///home/dsyer/.m2/repository/org/eclipse/jetty/orbit/javax.servlet/2.5.0.v201103041518/javax.servlet-2.5.0.v201103041518.pom (732 B at 17.4 KB/sec)
Downloading: file:///home/dsyer/.m2/repository/org/eclipse/jetty/orbit/javax.servlet.jsp/2.1.0.v201105211820/javax.servlet.jsp-2.1.0.v201105211820.pom
Downloaded: file:///home/dsyer/.m2/repository/org/eclipse/jetty/orbit/javax.servlet.jsp/2.1.0.v201105211820/javax.servlet.jsp-2.1.0.v201105211820.pom (941 B at 23.0 KB/sec)
[INFO] 
[INFO] --- maven-resources-plugin:2.6:resources (default-resources) @ spring-boot-sample-jetty ---
[INFO] Using 'UTF-8' encoding to copy filtered resources.
[INFO] skip non existing resourceDirectory /home/dsyer/dev/bootstrap/boot/spring-boot-samples/spring-boot-sample-jetty/src/main/resources
[INFO] 
[INFO] --- maven-compiler-plugin:3.1:compile (default-compile) @ spring-boot-sample-jetty ---
[INFO] Changes detected - recompiling the module!
[INFO] Compiling 3 source files to /home/dsyer/dev/bootstrap/boot/spring-boot-samples/spring-boot-sample-jetty/target/classes
[INFO] 
[INFO] --- maven-resources-plugin:2.6:testResources (default-testResources) @ spring-boot-sample-jetty ---
[INFO] Using 'UTF-8' encoding to copy filtered resources.
[INFO] skip non existing resourceDirectory /home/dsyer/dev/bootstrap/boot/spring-boot-samples/spring-boot-sample-jetty/src/test/resources
[INFO] 
[INFO] --- maven-compiler-plugin:3.1:testCompile (default-testCompile) @ spring-boot-sample-jetty ---
[INFO] Changes detected - recompiling the module!
[INFO] Compiling 1 source file to /home/dsyer/dev/bootstrap/boot/spring-boot-samples/spring-boot-sample-jetty/target/test-classes
[INFO] 
[INFO] --- maven-surefire-plugin:2.15:test (default-test) @ spring-boot-sample-jetty ---
[INFO] Surefire report directory: /home/dsyer/dev/bootstrap/boot/spring-boot-samples/spring-boot-sample-jetty/target/surefire-reports

-------------------------------------------------------
 T E S T S
-------------------------------------------------------
Running org.springframework.boot.sample.jetty.SampleJettyApplicationTests

  .   ____          _            __ _ _
 /\\ / ___'_ __ _ _(_)_ __  __ _ \ \ \ \
( ( )\___ | '_ | '_| | '_ \/ _` | \ \ \ \
 \\/  ___)| |_)| | | | | || (_| |  ) ) ) )
  '  |____| .__|_| |_|_| |_\__, | / / / /
 =========|_|==============|___/=/_/_/_/
 :: Spring Boot ::   v0.5.0.BUILD.SNAPSHOT

2013-08-02 11:35:11.358  INFO 23356 --- [pool-1-thread-1] o.s.boot.SpringApplication               : Starting application on dsyer with PID 23356 (/home/dsyer/dev/bootstrap/boot/spring-boot-integration-tests/target/local-repo/org/springframework/boot/spring-boot/0.5.0.BUILD-SNAPSHOT/spring-boot-0.5.0.BUILD-SNAPSHOT.jar started by dsyer)
2013-08-02 11:35:11.393  INFO 23356 --- [pool-1-thread-1] ationConfigEmbeddedWebApplicationContext : Refreshing org.springframework.boot.context.embedded.AnnotationConfigEmbeddedWebApplicationContext@53d439fe: startup date [Fri Aug 02 11:35:11 BST 2013]; root of context hierarchy
2013-08-02 11:35:11.972  INFO 23356 --- [pool-1-thread-1] org.eclipse.jetty.server.Server          : jetty-8.1.9.v20130131
2013-08-02 11:35:11.998  INFO 23356 --- [pool-1-thread-1] /                                        : Initializing Spring embedded WebApplicationContext
2013-08-02 11:35:11.999  INFO 23356 --- [pool-1-thread-1] o.s.web.context.ContextLoader            : Root WebApplicationContext: initialization completed in 608 ms
2013-08-02 11:35:12.104  INFO 23356 --- [pool-1-thread-1] /                                        : Initializing Spring FrameworkServlet 'dispatcherServlet'
2013-08-02 11:35:12.105  INFO 23356 --- [pool-1-thread-1] o.s.web.servlet.DispatcherServlet        : FrameworkServlet 'dispatcherServlet': initialization started
2013-08-02 11:35:12.127  WARN 23356 --- [pool-1-thread-1] o.s.w.s.r.ResourceHttpRequestHandler     : Locations list is empty. No resources will be served
2013-08-02 11:35:12.138  INFO 23356 --- [pool-1-thread-1] o.s.w.s.handler.SimpleUrlHandlerMapping  : Mapped URL path [/**/favicon.ico] onto handler of type [class org.springframework.web.servlet.resource.ResourceHttpRequestHandler]
2013-08-02 11:35:12.233  INFO 23356 --- [pool-1-thread-1] s.w.s.m.m.a.RequestMappingHandlerMapping : Mapped "{[/],methods=[],params=[],headers=[],consumes=[],produces=[],custom=[]}" onto public java.lang.String org.springframework.boot.sample.jetty.web.SampleController.helloWorld()
2013-08-02 11:35:12.264  INFO 23356 --- [pool-1-thread-1] o.s.w.s.handler.SimpleUrlHandlerMapping  : Mapped URL path [/**] onto handler of type [class org.springframework.web.servlet.resource.ResourceHttpRequestHandler]
2013-08-02 11:35:12.264  INFO 23356 --- [pool-1-thread-1] o.s.w.s.handler.SimpleUrlHandlerMapping  : Mapped URL path [/resources/**] onto handler of type [class org.springframework.web.servlet.resource.ResourceHttpRequestHandler]
2013-08-02 11:35:12.269  INFO 23356 --- [pool-1-thread-1] o.s.w.s.handler.SimpleUrlHandlerMapping  : Mapped URL path [/**] onto handler of type [class org.springframework.web.servlet.resource.DefaultServletHttpRequestHandler]
2013-08-02 11:35:12.431  INFO 23356 --- [pool-1-thread-1] o.s.web.servlet.DispatcherServlet        : FrameworkServlet 'dispatcherServlet': initialization completed in 326 ms
2013-08-02 11:35:12.484  INFO 23356 --- [pool-1-thread-1] o.e.jetty.server.AbstractConnector       : Started SelectChannelConnector@0.0.0.0:8080
2013-08-02 11:35:12.513  INFO 23356 --- [pool-1-thread-1] o.e.jetty.server.AbstractConnector       : Started SelectChannelConnector@0.0.0.0:8080
2013-08-02 11:35:12.660  INFO 23356 --- [           main] ationConfigEmbeddedWebApplicationContext : Closing org.springframework.boot.context.embedded.AnnotationConfigEmbeddedWebApplicationContext@53d439fe: startup date [Fri Aug 02 11:35:11 BST 2013]; root of context hierarchy
2013-08-02 11:35:12.662  INFO 23356 --- [           main] o.s.b.f.s.DefaultListableBeanFactory     : Destroying singletons in org.springframework.beans.factory.support.DefaultListableBeanFactory@79226a77: defining beans [org.springframework.context.annotation.internalConfigurationAnnotationProcessor,org.springframework.context.annotation.internalAutowiredAnnotationProcessor,org.springframework.context.annotation.internalRequiredAnnotationProcessor,org.springframework.context.annotation.internalCommonAnnotationProcessor,sampleJettyApplication,org.springframework.context.annotation.ConfigurationClassPostProcessor.importAwareProcessor,org.springframework.context.annotation.ConfigurationClassPostProcessor.enhancedConfigurationProcessor,helloWorldService,sampleController,org.springframework.boot.autoconfigure.MessageSourceAutoConfiguration,messageSource,org.springframework.boot.autoconfigure.PropertyPlaceholderAutoConfiguration,propertySourcesPlaceholderConfigurer,org.springframework.boot.autoconfigure.web.EmbeddedServletContainerAutoConfiguration$EmbeddedJetty,jettyEmbeddedServletContainerFactory,org.springframework.boot.autoconfigure.web.EmbeddedServletContainerAutoConfiguration$DispatcherServletConfiguration,dispatcherServlet,org.springframework.boot.autoconfigure.web.EmbeddedServletContainerAutoConfiguration,embeddedServletContainerCustomizerBeanPostProcessor,org.springframework.boot.autoconfigure.web.WebMvcAutoConfiguration$WebMvcAutoConfigurationAdapter$FaviconConfiguration,faviconHandlerMapping,faviconRequestHandler,org.springframework.web.servlet.config.annotation.DelegatingWebMvcConfiguration,requestMappingHandlerMapping,mvcContentNegotiationManager,viewControllerHandlerMapping,beanNameHandlerMapping,resourceHandlerMapping,defaultServletHandlerMapping,requestMappingHandlerAdapter,mvcConversionService,mvcValidator,httpRequestHandlerAdapter,simpleControllerHandlerAdapter,handlerExceptionResolver,org.springframework.boot.autoconfigure.web.WebMvcAutoConfiguration$WebMvcAutoConfigurationAdapter,org.springframework.boot.autoconfigure.web.WebMvcAutoConfiguration,hiddenHttpMethodFilter,org.springframework.boot.autoconfigure.web.ServerPropertiesAutoConfiguration,org.springframework.boot.context.embedded.properties.ServerProperties,propertySourcesBinder]; root of factory hierarchy
2013-08-02 11:35:12.681  INFO 23356 --- [           main] o.e.jetty.server.handler.ContextHandler  : stopped o.e.j.w.WebAppContext{/,null}
Tests run: 1, Failures: 0, Errors: 0, Skipped: 0, Time elapsed: 1.874 sec - in org.springframework.boot.sample.jetty.SampleJettyApplicationTests

Results :

Tests run: 1, Failures: 0, Errors: 0, Skipped: 0

[INFO] 
[INFO] --- maven-jar-plugin:2.4:jar (default-jar) @ spring-boot-sample-jetty ---
[INFO] Building jar: /home/dsyer/dev/bootstrap/boot/spring-boot-samples/spring-boot-sample-jetty/target/spring-boot-sample-jetty-0.5.0.BUILD-SNAPSHOT.jar
[INFO] META-INF/maven/org.springframework.boot/spring-boot-sample-jetty/pom.xml already added, skipping
[INFO] META-INF/maven/org.springframework.boot/spring-boot-sample-jetty/pom.properties already added, skipping
[INFO] 
[INFO] --- maven-javadoc-plugin:2.9:jar (attach-javadocs) @ spring-boot-sample-jetty ---
[INFO] 
Loading source files for package org.springframework.boot.sample.jetty.service...
Loading source files for package org.springframework.boot.sample.jetty...
Loading source files for package org.springframework.boot.sample.jetty.web...
Constructing Javadoc information...
Standard Doclet version 1.6.0_24
Building tree for all the packages and classes...
Generating /home/dsyer/dev/bootstrap/boot/spring-boot-samples/spring-boot-sample-jetty/target/apidocs/org/springframework/boot/sample/jetty/service/HelloWorldService.html...
Generating /home/dsyer/dev/bootstrap/boot/spring-boot-samples/spring-boot-sample-jetty/target/apidocs/org/springframework/boot/sample/jetty/SampleJettyApplication.html...
Generating /home/dsyer/dev/bootstrap/boot/spring-boot-samples/spring-boot-sample-jetty/target/apidocs/org/springframework/boot/sample/jetty/web/SampleController.html...
Generating /home/dsyer/dev/bootstrap/boot/spring-boot-samples/spring-boot-sample-jetty/target/apidocs/overview-frame.html...
Generating /home/dsyer/dev/bootstrap/boot/spring-boot-samples/spring-boot-sample-jetty/target/apidocs/org/springframework/boot/sample/jetty/package-frame.html...
Generating /home/dsyer/dev/bootstrap/boot/spring-boot-samples/spring-boot-sample-jetty/target/apidocs/org/springframework/boot/sample/jetty/package-summary.html...
Generating /home/dsyer/dev/bootstrap/boot/spring-boot-samples/spring-boot-sample-jetty/target/apidocs/org/springframework/boot/sample/jetty/package-tree.html...
Generating /home/dsyer/dev/bootstrap/boot/spring-boot-samples/spring-boot-sample-jetty/target/apidocs/org/springframework/boot/sample/jetty/service/package-frame.html...
Generating /home/dsyer/dev/bootstrap/boot/spring-boot-samples/spring-boot-sample-jetty/target/apidocs/org/springframework/boot/sample/jetty/service/package-summary.html...
Generating /home/dsyer/dev/bootstrap/boot/spring-boot-samples/spring-boot-sample-jetty/target/apidocs/org/springframework/boot/sample/jetty/service/package-tree.html...
Generating /home/dsyer/dev/bootstrap/boot/spring-boot-samples/spring-boot-sample-jetty/target/apidocs/org/springframework/boot/sample/jetty/web/package-frame.html...
Generating /home/dsyer/dev/bootstrap/boot/spring-boot-samples/spring-boot-sample-jetty/target/apidocs/org/springframework/boot/sample/jetty/web/package-summary.html...
Generating /home/dsyer/dev/bootstrap/boot/spring-boot-samples/spring-boot-sample-jetty/target/apidocs/org/springframework/boot/sample/jetty/web/package-tree.html...
Generating /home/dsyer/dev/bootstrap/boot/spring-boot-samples/spring-boot-sample-jetty/target/apidocs/constant-values.html...
Generating /home/dsyer/dev/bootstrap/boot/spring-boot-samples/spring-boot-sample-jetty/target/apidocs/org/springframework/boot/sample/jetty/service/class-use/HelloWorldService.html...
Generating /home/dsyer/dev/bootstrap/boot/spring-boot-samples/spring-boot-sample-jetty/target/apidocs/org/springframework/boot/sample/jetty/class-use/SampleJettyApplication.html...
Generating /home/dsyer/dev/bootstrap/boot/spring-boot-samples/spring-boot-sample-jetty/target/apidocs/org/springframework/boot/sample/jetty/web/class-use/SampleController.html...
Generating /home/dsyer/dev/bootstrap/boot/spring-boot-samples/spring-boot-sample-jetty/target/apidocs/org/springframework/boot/sample/jetty/package-use.html...
Generating /home/dsyer/dev/bootstrap/boot/spring-boot-samples/spring-boot-sample-jetty/target/apidocs/org/springframework/boot/sample/jetty/service/package-use.html...
Generating /home/dsyer/dev/bootstrap/boot/spring-boot-samples/spring-boot-sample-jetty/target/apidocs/org/springframework/boot/sample/jetty/web/package-use.html...
Building index for all the packages and classes...
Generating /home/dsyer/dev/bootstrap/boot/spring-boot-samples/spring-boot-sample-jetty/target/apidocs/overview-tree.html...
Generating /home/dsyer/dev/bootstrap/boot/spring-boot-samples/spring-boot-sample-jetty/target/apidocs/index-all.html...
Generating /home/dsyer/dev/bootstrap/boot/spring-boot-samples/spring-boot-sample-jetty/target/apidocs/deprecated-list.html...
Building index for all classes...
Generating /home/dsyer/dev/bootstrap/boot/spring-boot-samples/spring-boot-sample-jetty/target/apidocs/allclasses-frame.html...
Generating /home/dsyer/dev/bootstrap/boot/spring-boot-samples/spring-boot-sample-jetty/target/apidocs/allclasses-noframe.html...
Generating /home/dsyer/dev/bootstrap/boot/spring-boot-samples/spring-boot-sample-jetty/target/apidocs/index.html...
Generating /home/dsyer/dev/bootstrap/boot/spring-boot-samples/spring-boot-sample-jetty/target/apidocs/overview-summary.html...
Generating /home/dsyer/dev/bootstrap/boot/spring-boot-samples/spring-boot-sample-jetty/target/apidocs/help-doc.html...
Generating /home/dsyer/dev/bootstrap/boot/spring-boot-samples/spring-boot-sample-jetty/target/apidocs/stylesheet.css...
[INFO] Building jar: /home/dsyer/dev/bootstrap/boot/spring-boot-samples/spring-boot-sample-jetty/target/spring-boot-sample-jetty-0.5.0.BUILD-SNAPSHOT-javadoc.jar
[INFO] 
[INFO] --- maven-source-plugin:2.2.1:jar-no-fork (attach-sources) @ spring-boot-sample-jetty ---
[INFO] Building jar: /home/dsyer/dev/bootstrap/boot/spring-boot-samples/spring-boot-sample-jetty/target/spring-boot-sample-jetty-0.5.0.BUILD-SNAPSHOT-sources.jar
[INFO] 
[INFO] --- spring-boot-maven-plugin:0.5.0.BUILD-SNAPSHOT:repackage (default) @ spring-boot-sample-jetty ---
[INFO] ------------------------------------------------------------------------
[INFO] BUILD SUCCESS
[INFO] ------------------------------------------------------------------------
[INFO] Total time: 7.845s
[INFO] Finished at: Fri Aug 02 11:35:15 BST 2013
[INFO] Final Memory: 23M/337M
[INFO] ------------------------------------------------------------------------
