[INFO] Scanning for projects...
[INFO]                                                                         
[INFO] ------------------------------------------------------------------------
[INFO] Building spring-boot-sample-simple 0.5.0.BUILD-SNAPSHOT
[INFO] ------------------------------------------------------------------------
[INFO] 
[INFO] --- maven-resources-plugin:2.6:resources (default-resources) @ spring-boot-sample-simple ---
[INFO] Using 'UTF-8' encoding to copy filtered resources.
[INFO] Copying 1 resource
[INFO] 
[INFO] --- maven-compiler-plugin:3.1:compile (default-compile) @ spring-boot-sample-simple ---
[INFO] Changes detected - recompiling the module!
[INFO] Compiling 2 source files to /home/dsyer/dev/bootstrap/boot/spring-boot-samples/spring-boot-sample-simple/target/classes
[INFO] 
[INFO] --- maven-resources-plugin:2.6:testResources (default-testResources) @ spring-boot-sample-simple ---
[INFO] Using 'UTF-8' encoding to copy filtered resources.
[INFO] skip non existing resourceDirectory /home/dsyer/dev/bootstrap/boot/spring-boot-samples/spring-boot-sample-simple/src/test/resources
[INFO] 
[INFO] --- maven-compiler-plugin:3.1:testCompile (default-testCompile) @ spring-boot-sample-simple ---
[INFO] Changes detected - recompiling the module!
[INFO] Compiling 1 source file to /home/dsyer/dev/bootstrap/boot/spring-boot-samples/spring-boot-sample-simple/target/test-classes
[INFO] 
[INFO] --- maven-surefire-plugin:2.15:test (default-test) @ spring-boot-sample-simple ---
[INFO] Surefire report directory: /home/dsyer/dev/bootstrap/boot/spring-boot-samples/spring-boot-sample-simple/target/surefire-reports

-------------------------------------------------------
 T E S T S
-------------------------------------------------------
Running org.springframework.boot.sample.simple.SampleSimpleApplicationTests
Tests run: 2, Failures: 0, Errors: 0, Skipped: 0, Time elapsed: 0.909 sec - in org.springframework.boot.sample.simple.SampleSimpleApplicationTests
2013-08-02 11:34:51.114  INFO 22921 --- [       Thread-2] s.c.a.AnnotationConfigApplicationContext : Closing org.springframework.context.annotation.AnnotationConfigApplicationContext@6bdc64a5: startup date [Fri Aug 02 11:34:51 BST 2013]; root of context hierarchy
2013-08-02 11:34:51.115  INFO 22921 --- [       Thread-1] s.c.a.AnnotationConfigApplicationContext : Closing org.springframework.context.annotation.AnnotationConfigApplicationContext@7d8a8ce2: startup date [Fri Aug 02 11:34:50 BST 2013]; root of context hierarchy
2013-08-02 11:34:51.115  INFO 22921 --- [       Thread-1] o.s.b.f.s.DefaultListableBeanFactory     : Destroying singletons in org.springframework.beans.factory.support.DefaultListableBeanFactory@72608760: defining beans [org.springframework.context.annotation.internalConfigurationAnnotationProcessor,org.springframework.context.annotation.internalAutowiredAnnotationProcessor,org.springframework.context.annotation.internalRequiredAnnotationProcessor,org.springframework.context.annotation.internalCommonAnnotationProcessor,sampleSimpleApplication,org.springframework.context.annotation.ConfigurationClassPostProcessor.importAwareProcessor,org.springframework.context.annotation.ConfigurationClassPostProcessor.enhancedConfigurationProcessor,helloWorldService,org.springframework.boot.autoconfigure.MessageSourceAutoConfiguration,messageSource,org.springframework.boot.autoconfigure.PropertyPlaceholderAutoConfiguration,propertySourcesPlaceholderConfigurer,org.springframework.boot.autoconfigure.web.EmbeddedServletContainerAutoConfiguration,embeddedServletContainerCustomizerBeanPostProcessor,org.springframework.boot.autoconfigure.web.ServerPropertiesAutoConfiguration,org.springframework.boot.context.embedded.properties.ServerProperties,propertySourcesBinder]; root of factory hierarchy
2013-08-02 11:34:51.115  INFO 22921 --- [       Thread-2] o.s.b.f.s.DefaultListableBeanFactory     : Destroying singletons in org.springframework.beans.factory.support.DefaultListableBeanFactory@4301ac93: defining beans [org.springframework.context.annotation.internalConfigurationAnnotationProcessor,org.springframework.context.annotation.internalAutowiredAnnotationProcessor,org.springframework.context.annotation.internalRequiredAnnotationProcessor,org.springframework.context.annotation.internalCommonAnnotationProcessor,sampleSimpleApplication,org.springframework.context.annotation.ConfigurationClassPostProcessor.importAwareProcessor,org.springframework.context.annotation.ConfigurationClassPostProcessor.enhancedConfigurationProcessor,helloWorldService,org.springframework.boot.autoconfigure.MessageSourceAutoConfiguration,messageSource,org.springframework.boot.autoconfigure.PropertyPlaceholderAutoConfiguration,propertySourcesPlaceholderConfigurer,org.springframework.boot.autoconfigure.web.EmbeddedServletContainerAutoConfiguration,embeddedServletContainerCustomizerBeanPostProcessor,org.springframework.boot.autoconfigure.web.ServerPropertiesAutoConfiguration,org.springframework.boot.context.embedded.properties.ServerProperties,propertySourcesBinder]; root of factory hierarchy

Results :

Tests run: 2, Failures: 0, Errors: 0, Skipped: 0

[INFO] 
[INFO] --- maven-jar-plugin:2.4:jar (default-jar) @ spring-boot-sample-simple ---
[INFO] Building jar: /home/dsyer/dev/bootstrap/boot/spring-boot-samples/spring-boot-sample-simple/target/spring-boot-sample-simple-0.5.0.BUILD-SNAPSHOT.jar
[INFO] META-INF/maven/org.springframework.boot/spring-boot-sample-simple/pom.xml already added, skipping
[INFO] META-INF/maven/org.springframework.boot/spring-boot-sample-simple/pom.properties already added, skipping
[INFO] 
[INFO] --- maven-javadoc-plugin:2.9:jar (attach-javadocs) @ spring-boot-sample-simple ---
[INFO] 
Loading source files for package org.springframework.boot.sample.simple.service...
Loading source files for package org.springframework.boot.sample.simple...
Constructing Javadoc information...
Standard Doclet version 1.6.0_24
Building tree for all the packages and classes...
Generating /home/dsyer/dev/bootstrap/boot/spring-boot-samples/spring-boot-sample-simple/target/apidocs/org/springframework/boot/sample/simple/service/HelloWorldService.html...
Generating /home/dsyer/dev/bootstrap/boot/spring-boot-samples/spring-boot-sample-simple/target/apidocs/org/springframework/boot/sample/simple/SampleSimpleApplication.html...
Generating /home/dsyer/dev/bootstrap/boot/spring-boot-samples/spring-boot-sample-simple/target/apidocs/overview-frame.html...
Generating /home/dsyer/dev/bootstrap/boot/spring-boot-samples/spring-boot-sample-simple/target/apidocs/org/springframework/boot/sample/simple/package-frame.html...
Generating /home/dsyer/dev/bootstrap/boot/spring-boot-samples/spring-boot-sample-simple/target/apidocs/org/springframework/boot/sample/simple/package-summary.html...
Generating /home/dsyer/dev/bootstrap/boot/spring-boot-samples/spring-boot-sample-simple/target/apidocs/org/springframework/boot/sample/simple/package-tree.html...
Generating /home/dsyer/dev/bootstrap/boot/spring-boot-samples/spring-boot-sample-simple/target/apidocs/org/springframework/boot/sample/simple/service/package-frame.html...
Generating /home/dsyer/dev/bootstrap/boot/spring-boot-samples/spring-boot-sample-simple/target/apidocs/org/springframework/boot/sample/simple/service/package-summary.html...
Generating /home/dsyer/dev/bootstrap/boot/spring-boot-samples/spring-boot-sample-simple/target/apidocs/org/springframework/boot/sample/simple/service/package-tree.html...
Generating /home/dsyer/dev/bootstrap/boot/spring-boot-samples/spring-boot-sample-simple/target/apidocs/constant-values.html...
Generating /home/dsyer/dev/bootstrap/boot/spring-boot-samples/spring-boot-sample-simple/target/apidocs/org/springframework/boot/sample/simple/service/class-use/HelloWorldService.html...
Generating /home/dsyer/dev/bootstrap/boot/spring-boot-samples/spring-boot-sample-simple/target/apidocs/org/springframework/boot/sample/simple/class-use/SampleSimpleApplication.html...
Generating /home/dsyer/dev/bootstrap/boot/spring-boot-samples/spring-boot-sample-simple/target/apidocs/org/springframework/boot/sample/simple/package-use.html...
Generating /home/dsyer/dev/bootstrap/boot/spring-boot-samples/spring-boot-sample-simple/target/apidocs/org/springframework/boot/sample/simple/service/package-use.html...
Building index for all the packages and classes...
Generating /home/dsyer/dev/bootstrap/boot/spring-boot-samples/spring-boot-sample-simple/target/apidocs/overview-tree.html...
Generating /home/dsyer/dev/bootstrap/boot/spring-boot-samples/spring-boot-sample-simple/target/apidocs/index-all.html...
Generating /home/dsyer/dev/bootstrap/boot/spring-boot-samples/spring-boot-sample-simple/target/apidocs/deprecated-list.html...
Building index for all classes...
Generating /home/dsyer/dev/bootstrap/boot/spring-boot-samples/spring-boot-sample-simple/target/apidocs/allclasses-frame.html...
Generating /home/dsyer/dev/bootstrap/boot/spring-boot-samples/spring-boot-sample-simple/target/apidocs/allclasses-noframe.html...
Generating /home/dsyer/dev/bootstrap/boot/spring-boot-samples/spring-boot-sample-simple/target/apidocs/index.html...
Generating /home/dsyer/dev/bootstrap/boot/spring-boot-samples/spring-boot-sample-simple/target/apidocs/overview-summary.html...
Generating /home/dsyer/dev/bootstrap/boot/spring-boot-samples/spring-boot-sample-simple/target/apidocs/help-doc.html...
Generating /home/dsyer/dev/bootstrap/boot/spring-boot-samples/spring-boot-sample-simple/target/apidocs/stylesheet.css...
[INFO] Building jar: /home/dsyer/dev/bootstrap/boot/spring-boot-samples/spring-boot-sample-simple/target/spring-boot-sample-simple-0.5.0.BUILD-SNAPSHOT-javadoc.jar
[INFO] 
[INFO] --- maven-source-plugin:2.2.1:jar-no-fork (attach-sources) @ spring-boot-sample-simple ---
[INFO] Building jar: /home/dsyer/dev/bootstrap/boot/spring-boot-samples/spring-boot-sample-simple/target/spring-boot-sample-simple-0.5.0.BUILD-SNAPSHOT-sources.jar
[INFO] 
[INFO] --- spring-boot-maven-plugin:0.5.0.BUILD-SNAPSHOT:repackage (default) @ spring-boot-sample-simple ---
[INFO] ------------------------------------------------------------------------
[INFO] BUILD SUCCESS
[INFO] ------------------------------------------------------------------------
[INFO] Total time: 6.594s
[INFO] Finished at: Fri Aug 02 11:34:53 BST 2013
[INFO] Final Memory: 18M/216M
[INFO] ------------------------------------------------------------------------
